Setup
  $ . ${TESTDIR}/../../../helpers/setup.sh
  $ . ${TESTDIR}/nested_workspaces_setup.sh $(pwd)/nested_workspaces

  $ cd $TARGET_DIR/outer && ${TURBO} run build --filter=nothing -vv
  [-0-9:.TWZ+]+ \[DEBUG] turborepo_lib::shim: Global turbo version: .* (re)
  [-0-9:.TWZ+]+ \[DEBUG] turborepo_lib::shim: No local turbo binary found at: .* (re)
  [-0-9:.TWZ+]+ \[DEBUG] turborepo_lib::shim: No local turbo binary found at: .* (re)
  [-0-9:.TWZ+]+ \[DEBUG] turborepo_lib::shim: Repository Root: .*/nested_workspaces/outer (re)
  [-0-9:.TWZ+]+ \[DEBUG] turborepo_lib::shim: Running command as global turbo (re)
  [-0-9:.TWZ+]+ \[DEBUG] turborepo_lib::cli: pkg_inference_root set to "" (re)
  [-0-9:.TWZ+]+ \[DEBUG] turbo: Found go binary at "[\-\w\/]+" (re)
  [-0-9:.TWZ+]+ \[DEBUG] turbo: build tag: (go|rust) (re)
  [-0-9:.TWZ+]+ \[INFO]  turbo: skipping turbod since we appear to be in a non-interactive context (re)
  [-0-9:.TWZ+]+ \[DEBUG] turbo: global hash env vars: vars=\[] (re)
  [-0-9:.TWZ+]+ \[DEBUG] turbo: global hash: value=623b793001bf2614 (re)
  [-0-9:.TWZ+]+ \[DEBUG] turbo: local cache folder: path="" (re)
  \xe2\x80\xa2 Packages in scope:  (esc)
  \xe2\x80\xa2 Running build in 0 packages (esc)
  \xe2\x80\xa2 Remote caching disabled (esc)
  
  No tasks were executed as part of this run.
  
   Tasks:    0 successful, 0 total
  Cached:    0 cached, 0 total
    Time:\s*[\.0-9]+m?s  (re)
  
  $ cd $TARGET_DIR/outer/apps && ${TURBO} run build --filter=nothing -vv
  [-0-9:.TWZ+]+ \[DEBUG] turborepo_lib::shim: Global turbo version: .* (re)
  [-0-9:.TWZ+]+ \[DEBUG] turborepo_lib::shim: No local turbo binary found at: .* (re)
  [-0-9:.TWZ+]+ \[DEBUG] turborepo_lib::shim: No local turbo binary found at: .* (re)
  [-0-9:.TWZ+]+ \[DEBUG] turborepo_lib::shim: Repository Root: .*/nested_workspaces/outer (re)
  [-0-9:.TWZ+]+ \[DEBUG] turborepo_lib::shim: Running command as global turbo (re)
  [-0-9:.TWZ+]+ \[DEBUG] turborepo_lib::cli: pkg_inference_root set to "apps" (re)
  [-0-9:.TWZ+]+ \[DEBUG] turbo: Found go binary at "[\-\w\/]+" (re)
  [-0-9:.TWZ+]+ \[DEBUG] turbo: build tag: (go|rust) (re)
  [-0-9:.TWZ+]+ \[INFO]  turbo: skipping turbod since we appear to be in a non-interactive context (re)
  [-0-9:.TWZ+]+ \[DEBUG] turbo: Using apps as a basis for selecting packages (re)
  [-0-9:.TWZ+]+ \[DEBUG] turbo: global hash env vars: vars=\[] (re)
  [-0-9:.TWZ+]+ \[DEBUG] turbo: global hash: value=623b793001bf2614 (re)
  [-0-9:.TWZ+]+ \[DEBUG] turbo: local cache folder: path="" (re)
  \xe2\x80\xa2 Packages in scope:  (esc)
  \xe2\x80\xa2 Running build in 0 packages (esc)
  \xe2\x80\xa2 Remote caching disabled (esc)
  
  No tasks were executed as part of this run.
  
   Tasks:    0 successful, 0 total
  Cached:    0 cached, 0 total
    Time:\s*[\.0-9]+m?s  (re)
  
  $ cd $TARGET_DIR/outer/inner && ${TURBO} run build --filter=nothing -vv
  [-0-9:.TWZ+]+ \[DEBUG] turborepo_lib::shim: Global turbo version: .* (re)
  [-0-9:.TWZ+]+ \[DEBUG] turborepo_lib::shim: No local turbo binary found at: .* (re)
  [-0-9:.TWZ+]+ \[DEBUG] turborepo_lib::shim: No local turbo binary found at: .* (re)
  [-0-9:.TWZ+]+ \[DEBUG] turborepo_lib::shim: Repository Root: .*/nested_workspaces/outer/inner (re)
  [-0-9:.TWZ+]+ \[DEBUG] turborepo_lib::shim: Running command as global turbo (re)
  [-0-9:.TWZ+]+ \[DEBUG] turborepo_lib::cli: pkg_inference_root set to "" (re)
  [-0-9:.TWZ+]+ \[DEBUG] turbo: Found go binary at "[\-\w\/]+" (re)
  [-0-9:.TWZ+]+ \[DEBUG] turbo: build tag: (go|rust) (re)
  [-0-9:.TWZ+]+ \[INFO]  turbo: skipping turbod since we appear to be in a non-interactive context (re)
  [-0-9:.TWZ+]+ \[DEBUG] turbo: global hash env vars: vars=\[] (re)
  [-0-9:.TWZ+]+ \[DEBUG] turbo: global hash: value=623b793001bf2614 (re)
  [-0-9:.TWZ+]+ \[DEBUG] turbo: local cache folder: path="" (re)
  \xe2\x80\xa2 Packages in scope:  (esc)
  \xe2\x80\xa2 Running build in 0 packages (esc)
  \xe2\x80\xa2 Remote caching disabled (esc)
  
  No tasks were executed as part of this run.
  
   Tasks:    0 successful, 0 total
  Cached:    0 cached, 0 total
    Time:\s*[\.0-9]+m?s  (re)
  
  $ cd $TARGET_DIR/outer/inner/apps && ${TURBO} run build --filter=nothing -vv
  [-0-9:.TWZ+]+ \[DEBUG] turborepo_lib::shim: Global turbo version: .* (re)
  [-0-9:.TWZ+]+ \[DEBUG] turborepo_lib::shim: No local turbo binary found at: .* (re)
  [-0-9:.TWZ+]+ \[DEBUG] turborepo_lib::shim: No local turbo binary found at: .* (re)
  [-0-9:.TWZ+]+ \[DEBUG] turborepo_lib::shim: Repository Root: .*/nested_workspaces/outer/inner (re)
  [-0-9:.TWZ+]+ \[DEBUG] turborepo_lib::shim: Running command as global turbo (re)
  [-0-9:.TWZ+]+ \[DEBUG] turborepo_lib::cli: pkg_inference_root set to "apps" (re)
  [-0-9:.TWZ+]+ \[DEBUG] turbo: Found go binary at "[\-\w\/]+" (re)
  [-0-9:.TWZ+]+ \[DEBUG] turbo: build tag: (go|rust) (re)
  [-0-9:.TWZ+]+ \[INFO]  turbo: skipping turbod since we appear to be in a non-interactive context (re)
  [-0-9:.TWZ+]+ \[DEBUG] turbo: Using apps as a basis for selecting packages (re)
  [-0-9:.TWZ+]+ \[DEBUG] turbo: global hash env vars: vars=\[] (re)
  [-0-9:.TWZ+]+ \[DEBUG] turbo: global hash: value=623b793001bf2614 (re)
  [-0-9:.TWZ+]+ \[DEBUG] turbo: local cache folder: path="" (re)
  \xe2\x80\xa2 Packages in scope:  (esc)
  \xe2\x80\xa2 Running build in 0 packages (esc)
  \xe2\x80\xa2 Remote caching disabled (esc)
  
  No tasks were executed as part of this run.
  
   Tasks:    0 successful, 0 total
  Cached:    0 cached, 0 total
    Time:\s*[\.0-9]+m?s  (re)
  
  $ cd $TARGET_DIR/outer/inner-no-turbo && ${TURBO} run build --filter=nothing -vv
  [-0-9:.TWZ+]+ \[DEBUG] turborepo_lib::shim: Global turbo version: .* (re)
  [-0-9:.TWZ+]+ \[DEBUG] turborepo_lib::shim: No local turbo binary found at: .* (re)
  [-0-9:.TWZ+]+ \[DEBUG] turborepo_lib::shim: No local turbo binary found at: .* (re)
  [-0-9:.TWZ+]+ \[DEBUG] turborepo_lib::shim: Repository Root: .*/nested_workspaces/outer (re)
  [-0-9:.TWZ+]+ \[DEBUG] turborepo_lib::shim: Running command as global turbo (re)
  [-0-9:.TWZ+]+ \[DEBUG] turborepo_lib::cli: pkg_inference_root set to "inner-no-turbo" (re)
  [-0-9:.TWZ+]+ \[DEBUG] turbo: Found go binary at "[\-\w\/]+" (re)
  [-0-9:.TWZ+]+ \[DEBUG] turbo: build tag: (go|rust) (re)
  [-0-9:.TWZ+]+ \[INFO]  turbo: skipping turbod since we appear to be in a non-interactive context (re)
  [-0-9:.TWZ+]+ \[DEBUG] turbo: Using inner-no-turbo as a basis for selecting packages (re)
  [-0-9:.TWZ+]+ \[DEBUG] turbo: global hash env vars: vars=\[] (re)
  [-0-9:.TWZ+]+ \[DEBUG] turbo: global hash: value=623b793001bf2614 (re)
  [-0-9:.TWZ+]+ \[DEBUG] turbo: local cache folder: path="" (re)
  \xe2\x80\xa2 Packages in scope:  (esc)
  \xe2\x80\xa2 Running build in 0 packages (esc)
  \xe2\x80\xa2 Remote caching disabled (esc)
  
  No tasks were executed as part of this run.
  
   Tasks:    0 successful, 0 total
  Cached:    0 cached, 0 total
    Time:\s*[\.0-9]+m?s  (re)
  
  $ cd $TARGET_DIR/outer/inner-no-turbo/apps && ${TURBO} run build --filter=nothing -vv
  [-0-9:.TWZ+]+ \[DEBUG] turborepo_lib::shim: Global turbo version: .* (re)
  [-0-9:.TWZ+]+ \[DEBUG] turborepo_lib::shim: No local turbo binary found at: .* (re)
  [-0-9:.TWZ+]+ \[DEBUG] turborepo_lib::shim: No local turbo binary found at: .* (re)
  [-0-9:.TWZ+]+ \[DEBUG] turborepo_lib::shim: Repository Root: .*/nested_workspaces/outer (re)
  [-0-9:.TWZ+]+ \[DEBUG] turborepo_lib::shim: Running command as global turbo (re)
  [-0-9:.TWZ+]+ \[DEBUG] turborepo_lib::cli: pkg_inference_root set to "inner-no-turbo/apps" (re)
  [-0-9:.TWZ+]+ \[DEBUG] turbo: Found go binary at "[\-\w\/]+" (re)
  [-0-9:.TWZ+]+ \[DEBUG] turbo: build tag: (go|rust) (re)
  [-0-9:.TWZ+]+ \[INFO]  turbo: skipping turbod since we appear to be in a non-interactive context (re)
  [-0-9:.TWZ+]+ \[DEBUG] turbo: Using inner-no-turbo/apps as a basis for selecting packages (re)
  [-0-9:.TWZ+]+ \[DEBUG] turbo: global hash env vars: vars=\[] (re)
  [-0-9:.TWZ+]+ \[DEBUG] turbo: global hash: value=623b793001bf2614 (re)
  [-0-9:.TWZ+]+ \[DEBUG] turbo: local cache folder: path="" (re)
  \xe2\x80\xa2 Packages in scope:  (esc)
  \xe2\x80\xa2 Running build in 0 packages (esc)
  \xe2\x80\xa2 Remote caching disabled (esc)
  
  No tasks were executed as part of this run.
  
   Tasks:    0 successful, 0 total
  Cached:    0 cached, 0 total
    Time:\s*[\.0-9]+m?s  (re)
  
  $ cd $TARGET_DIR/outer-no-turbo && ${TURBO} run build --filter=nothing -vv
  [-0-9:.TWZ+]+ \[DEBUG] turborepo_lib::shim: Global turbo version: .* (re)
  [-0-9:.TWZ+]+ \[DEBUG] turborepo_lib::shim: No local turbo binary found at: .* (re)
  [-0-9:.TWZ+]+ \[DEBUG] turborepo_lib::shim: No local turbo binary found at: .* (re)
  [-0-9:.TWZ+]+ \[DEBUG] turborepo_lib::shim: Repository Root: .*/nested_workspaces/outer-no-turbo (re)
  [-0-9:.TWZ+]+ \[DEBUG] turborepo_lib::shim: Running command as global turbo (re)
  [-0-9:.TWZ+]+ \[DEBUG] turborepo_lib::cli: pkg_inference_root set to "" (re)
  [-0-9:.TWZ+]+ \[DEBUG] turbo: Found go binary at "[\-\w\/]+" (re)
  [-0-9:.TWZ+]+ \[DEBUG] turbo: build tag: (go|rust) (re)
  [-0-9:.TWZ+]+ \[INFO]  turbo: skipping turbod since we appear to be in a non-interactive context (re)
  [-0-9:.TWZ+]+ \[ERROR] turbo: error: run failed: Could not find turbo\.json\. Follow directions at https://turbo\.build/repo/docs to create one: file does not exist (re)
   ERROR  run failed: Could not find turbo.json. Follow directions at https://turbo.build/repo/docs to create one: file does not exist
  Turbo error: Could not find turbo.json. Follow directions at https://turbo.build/repo/docs to create one: file does not exist
  [1]

  $ cd $TARGET_DIR/outer-no-turbo/apps && ${TURBO} run build --filter=nothing -vv
  [-0-9:.TWZ+]+ \[DEBUG] turborepo_lib::shim: Global turbo version: .* (re)
  [-0-9:.TWZ+]+ \[DEBUG] turborepo_lib::shim: No local turbo binary found at: .* (re)
  [-0-9:.TWZ+]+ \[DEBUG] turborepo_lib::shim: No local turbo binary found at: .* (re)
  [-0-9:.TWZ+]+ \[DEBUG] turborepo_lib::shim: Repository Root: .*/nested_workspaces/outer-no-turbo (re)
  [-0-9:.TWZ+]+ \[DEBUG] turborepo_lib::shim: Running command as global turbo (re)
  [-0-9:.TWZ+]+ \[DEBUG] turborepo_lib::cli: pkg_inference_root set to "apps" (re)
  [-0-9:.TWZ+]+ \[DEBUG] turbo: Found go binary at "[\-\w\/]+" (re)
  [-0-9:.TWZ+]+ \[DEBUG] turbo: build tag: (go|rust) (re)
  [-0-9:.TWZ+]+ \[INFO]  turbo: skipping turbod since we appear to be in a non-interactive context (re)
  [-0-9:.TWZ+]+ \[ERROR] turbo: error: run failed: Could not find turbo\.json\. Follow directions at https://turbo\.build/repo/docs to create one: file does not exist (re)
   ERROR  run failed: Could not find turbo.json. Follow directions at https://turbo.build/repo/docs to create one: file does not exist
  Turbo error: Could not find turbo.json. Follow directions at https://turbo.build/repo/docs to create one: file does not exist
  [1]

  $ cd $TARGET_DIR/outer-no-turbo/inner && ${TURBO} run build --filter=nothing -vv
  [-0-9:.TWZ+]+ \[DEBUG] turborepo_lib::shim: Global turbo version: .* (re)
  [-0-9:.TWZ+]+ \[DEBUG] turborepo_lib::shim: No local turbo binary found at: .* (re)
  [-0-9:.TWZ+]+ \[DEBUG] turborepo_lib::shim: No local turbo binary found at: .* (re)
  [-0-9:.TWZ+]+ \[DEBUG] turborepo_lib::shim: Repository Root: .*/nested_workspaces/outer-no-turbo/inner (re)
  [-0-9:.TWZ+]+ \[DEBUG] turborepo_lib::shim: Running command as global turbo (re)
  [-0-9:.TWZ+]+ \[DEBUG] turborepo_lib::cli: pkg_inference_root set to "" (re)
  [-0-9:.TWZ+]+ \[DEBUG] turbo: Found go binary at "[\-\w\/]+" (re)
  [-0-9:.TWZ+]+ \[DEBUG] turbo: build tag: (go|rust) (re)
  [-0-9:.TWZ+]+ \[INFO]  turbo: skipping turbod since we appear to be in a non-interactive context (re)
  [-0-9:.TWZ+]+ \[DEBUG] turbo: global hash env vars: vars=\[] (re)
  [-0-9:.TWZ+]+ \[DEBUG] turbo: global hash: value=623b793001bf2614 (re)
  [-0-9:.TWZ+]+ \[DEBUG] turbo: local cache folder: path="" (re)
  \xe2\x80\xa2 Packages in scope:  (esc)
  \xe2\x80\xa2 Running build in 0 packages (esc)
  \xe2\x80\xa2 Remote caching disabled (esc)
  
  No tasks were executed as part of this run.
  
   Tasks:    0 successful, 0 total
  Cached:    0 cached, 0 total
    Time:\s*[\.0-9]+m?s  (re)
  
  $ cd $TARGET_DIR/outer-no-turbo/inner/apps && ${TURBO} run build --filter=nothing -vv
  [-0-9:.TWZ+]+ \[DEBUG] turborepo_lib::shim: Global turbo version: .* (re)
  [-0-9:.TWZ+]+ \[DEBUG] turborepo_lib::shim: No local turbo binary found at: .* (re)
  [-0-9:.TWZ+]+ \[DEBUG] turborepo_lib::shim: No local turbo binary found at: .* (re)
  [-0-9:.TWZ+]+ \[DEBUG] turborepo_lib::shim: Repository Root: .*/nested_workspaces/outer-no-turbo/inner (re)
  [-0-9:.TWZ+]+ \[DEBUG] turborepo_lib::shim: Running command as global turbo (re)
  [-0-9:.TWZ+]+ \[DEBUG] turborepo_lib::cli: pkg_inference_root set to "apps" (re)
  [-0-9:.TWZ+]+ \[DEBUG] turbo: Found go binary at "[\-\w\/]+" (re)
  [-0-9:.TWZ+]+ \[DEBUG] turbo: build tag: (go|rust) (re)
  [-0-9:.TWZ+]+ \[INFO]  turbo: skipping turbod since we appear to be in a non-interactive context (re)
  [-0-9:.TWZ+]+ \[DEBUG] turbo: Using apps as a basis for selecting packages (re)
  [-0-9:.TWZ+]+ \[DEBUG] turbo: global hash env vars: vars=\[] (re)
  [-0-9:.TWZ+]+ \[DEBUG] turbo: global hash: value=623b793001bf2614 (re)
  [-0-9:.TWZ+]+ \[DEBUG] turbo: local cache folder: path="" (re)
  \xe2\x80\xa2 Packages in scope:  (esc)
  \xe2\x80\xa2 Running build in 0 packages (esc)
  \xe2\x80\xa2 Remote caching disabled (esc)
  
  No tasks were executed as part of this run.
  
   Tasks:    0 successful, 0 total
  Cached:    0 cached, 0 total
    Time:\s*[\.0-9]+m?s  (re)
  
  $ cd $TARGET_DIR/outer-no-turbo/inner-no-turbo && ${TURBO} run build --filter=nothing -vv
  [-0-9:.TWZ+]+ \[DEBUG] turborepo_lib::shim: Global turbo version: .* (re)
  [-0-9:.TWZ+]+ \[DEBUG] turborepo_lib::shim: No local turbo binary found at: .* (re)
  [-0-9:.TWZ+]+ \[DEBUG] turborepo_lib::shim: No local turbo binary found at: .* (re)
  [-0-9:.TWZ+]+ \[DEBUG] turborepo_lib::shim: Repository Root: .*/nested_workspaces/outer-no-turbo/inner-no-turbo (re)
  [-0-9:.TWZ+]+ \[DEBUG] turborepo_lib::shim: Running command as global turbo (re)
  [-0-9:.TWZ+]+ \[DEBUG] turborepo_lib::cli: pkg_inference_root set to "" (re)
  [-0-9:.TWZ+]+ \[DEBUG] turbo: Found go binary at "[\-\w\/]+" (re)
  [-0-9:.TWZ+]+ \[DEBUG] turbo: build tag: (go|rust) (re)
  [-0-9:.TWZ+]+ \[INFO]  turbo: skipping turbod since we appear to be in a non-interactive context (re)
  [-0-9:.TWZ+]+ \[ERROR] turbo: error: run failed: Could not find turbo\.json\. Follow directions at https://turbo\.build/repo/docs to create one: file does not exist (re)
   ERROR  run failed: Could not find turbo.json. Follow directions at https://turbo.build/repo/docs to create one: file does not exist
  Turbo error: Could not find turbo.json. Follow directions at https://turbo.build/repo/docs to create one: file does not exist
  [1]

  $ cd $TARGET_DIR/outer-no-turbo/inner-no-turbo/apps && ${TURBO} run build --filter=nothing -vv
  [-0-9:.TWZ+]+ \[DEBUG] turborepo_lib::shim: Global turbo version: .* (re)
  [-0-9:.TWZ+]+ \[DEBUG] turborepo_lib::shim: No local turbo binary found at: .* (re)
  [-0-9:.TWZ+]+ \[DEBUG] turborepo_lib::shim: No local turbo binary found at: .* (re)
  [-0-9:.TWZ+]+ \[DEBUG] turborepo_lib::shim: Repository Root: .*/nested_workspaces/outer-no-turbo/inner-no-turbo (re)
  [-0-9:.TWZ+]+ \[DEBUG] turborepo_lib::shim: Running command as global turbo (re)
  [-0-9:.TWZ+]+ \[DEBUG] turborepo_lib::cli: pkg_inference_root set to "apps" (re)
  [-0-9:.TWZ+]+ \[DEBUG] turbo: Found go binary at "[\-\w\/]+" (re)
  [-0-9:.TWZ+]+ \[DEBUG] turbo: build tag: (go|rust) (re)
  [-0-9:.TWZ+]+ \[INFO]  turbo: skipping turbod since we appear to be in a non-interactive context (re)
  [-0-9:.TWZ+]+ \[ERROR] turbo: error: run failed: Could not find turbo\.json\. Follow directions at https://turbo\.build/repo/docs to create one: file does not exist (re)
   ERROR  run failed: Could not find turbo.json. Follow directions at https://turbo.build/repo/docs to create one: file does not exist
  Turbo error: Could not find turbo.json. Follow directions at https://turbo.build/repo/docs to create one: file does not exist
  [1]
